<?xml version="1.0" encoding="UTF-8"?>
<!-- Generated by org.testng.reporters.JUnitReportReporter -->
<testsuite hostname="EC2AMAZ-S11DBRH" failures="1" tests="1" name="runners.RerunRunner" time="7.807" errors="0" timestamp="2023-12-15T07:51:13 GMT" skipped="0">
  <testcase classname="runners.RerunRunner" name="runScenario" time="7.807">
    <failure message="expected [Selenium Tutorial - Google Search page] but found [Selenium Tutorial - Google Search]" type="java.lang.AssertionError">
      <![CDATA[java.lang.AssertionError: expected [Selenium Tutorial - Google Search page] but found [Selenium Tutorial - Google Search]
at org.testng.Assert.fail(Assert.java:99)
at org.testng.Assert.failNotEquals(Assert.java:1037)
at org.testng.Assert.assertEqualsImpl(Assert.java:140)
at org.testng.Assert.assertEquals(Assert.java:122)
at org.testng.Assert.assertEquals(Assert.java:629)
at org.testng.Assert.assertEquals(Assert.java:639)
at stepDefs.GoooglePageStepDefs.should_display_selenium_result_page(GoooglePageStepDefs.java:45)
at âœ½.Should display Selenium Result Page(file:///C:/Users/Administrator/git/BDDSamples/src/test/resources/Features/GoogleSearch.feature:11)
]]>
    </failure>
  </testcase> <!-- runScenario -->
  <system-out/>
</testsuite> <!-- runners.RerunRunner -->
